<?xml version="1.0" encoding="UTF-8"?>
<!-- Generated by org.testng.reporters.JUnitXMLReporter -->
<testsuite ignored="0" hostname="PSL-4Q3WC63" failures="0" tests="3" name="Chrome Test" time="106.718" errors="0" timestamp="2025-03-24T21:14:34 IST">
  <testcase classname="LamdatestTestNG.TestNG_Test" name="testPageTitle" time="0.181"/>
  <testcase classname="LamdatestTestNG.TestNG_Test" name="testCheckboxDemo" time="3.218"/>
  <testcase classname="LamdatestTestNG.TestNG_Test" name="testJavascriptAlert" time="5.381"/>
</testsuite> <!-- Chrome Test -->
