<?xml version="1.0" encoding="UTF-8"?>
<!-- Generated by org.testng.reporters.JUnitXMLReporter -->
<testsuite ignored="0" hostname="PSL-4Q3WC63" failures="0" tests="3" name="Microsoft Edge Test" time="205.067" errors="0" timestamp="2025-03-24T21:16:12 IST">
  <testcase classname="LamdatestTestNG.TestNG_Test" name="testPageTitle" time="0.208"/>
  <testcase classname="LamdatestTestNG.TestNG_Test" name="testCheckboxDemo" time="20.372"/>
  <testcase classname="LamdatestTestNG.TestNG_Test" name="testJavascriptAlert" time="16.594"/>
</testsuite> <!-- Microsoft Edge Test -->
